[2019-09-15 21:34:06.462] [exthost] [info] extension host started
[2019-09-15 21:34:06.473] [exthost] [info] ExtensionService#_doActivateExtension vscode.debug-auto-launch {"startup":true,"activationEvent":"*"}
[2019-09-15 21:34:06.473] [exthost] [info] ExtensionService#loadCommonJSModule file:///usr/share/code/resources/app/extensions/debug-auto-launch/dist/extension
[2019-09-15 21:34:06.477] [exthost] [info] ExtensionService#_doActivateExtension vscode.emmet {"startup":true,"activationEvent":"*"}
[2019-09-15 21:34:06.477] [exthost] [info] ExtensionService#loadCommonJSModule file:///usr/share/code/resources/app/extensions/emmet/dist/extension
[2019-09-15 21:34:06.513] [exthost] [info] ExtensionService#_doActivateExtension vscode.git {"startup":true,"activationEvent":"*"}
[2019-09-15 21:34:06.513] [exthost] [info] ExtensionService#loadCommonJSModule file:///usr/share/code/resources/app/extensions/git/dist/main
[2019-09-15 21:34:06.589] [exthost] [info] ExtensionService#_doActivateExtension vscode.merge-conflict {"startup":true,"activationEvent":"*"}
[2019-09-15 21:34:06.589] [exthost] [info] ExtensionService#loadCommonJSModule file:///usr/share/code/resources/app/extensions/merge-conflict/dist/extension
[2019-09-15 21:34:06.596] [exthost] [info] ExtensionService#_doActivateExtension dbaeumer.vscode-eslint {"startup":true,"activationEvent":"*"}
[2019-09-15 21:34:06.596] [exthost] [info] ExtensionService#loadCommonJSModule file:///home/vicentbg/.vscode/extensions/dbaeumer.vscode-eslint-1.9.1/client/out/extension
[2019-09-15 21:34:06.628] [exthost] [info] ExtensionService#_doActivateExtension HookyQR.beautify {"startup":true,"activationEvent":"*"}
[2019-09-15 21:34:06.628] [exthost] [info] ExtensionService#loadCommonJSModule file:///home/vicentbg/.vscode/extensions/hookyqr.beautify-1.5.0/extension
[2019-09-15 21:34:06.669] [exthost] [info] ExtensionService#_doActivateExtension ritwickdey.LiveServer {"startup":true,"activationEvent":"*"}
[2019-09-15 21:34:06.669] [exthost] [info] ExtensionService#loadCommonJSModule file:///home/vicentbg/.vscode/extensions/ritwickdey.liveserver-5.6.1/out/src/extension
[2019-09-15 21:34:06.987] [exthost] [info] eager extensions activated
[2019-09-15 21:34:26.558] [exthost] [info] extension host started
[2019-09-15 21:34:26.568] [exthost] [info] ExtensionService#_doActivateExtension vscode.debug-auto-launch {"startup":true,"activationEvent":"*"}
[2019-09-15 21:34:26.568] [exthost] [info] ExtensionService#loadCommonJSModule file:///usr/share/code/resources/app/extensions/debug-auto-launch/dist/extension
[2019-09-15 21:34:26.570] [exthost] [info] ExtensionService#_doActivateExtension vscode.emmet {"startup":true,"activationEvent":"*"}
[2019-09-15 21:34:26.570] [exthost] [info] ExtensionService#loadCommonJSModule file:///usr/share/code/resources/app/extensions/emmet/dist/extension
[2019-09-15 21:34:26.605] [exthost] [info] ExtensionService#_doActivateExtension vscode.git {"startup":true,"activationEvent":"*"}
[2019-09-15 21:34:26.605] [exthost] [info] ExtensionService#loadCommonJSModule file:///usr/share/code/resources/app/extensions/git/dist/main
[2019-09-15 21:34:26.678] [exthost] [info] ExtensionService#_doActivateExtension vscode.merge-conflict {"startup":true,"activationEvent":"*"}
[2019-09-15 21:34:26.678] [exthost] [info] ExtensionService#loadCommonJSModule file:///usr/share/code/resources/app/extensions/merge-conflict/dist/extension
[2019-09-15 21:34:26.682] [exthost] [info] ExtensionService#_doActivateExtension dbaeumer.vscode-eslint {"startup":true,"activationEvent":"*"}
[2019-09-15 21:34:26.682] [exthost] [info] ExtensionService#loadCommonJSModule file:///home/vicentbg/.vscode/extensions/dbaeumer.vscode-eslint-1.9.1/client/out/extension
[2019-09-15 21:34:26.708] [exthost] [info] ExtensionService#_doActivateExtension HookyQR.beautify {"startup":true,"activationEvent":"*"}
[2019-09-15 21:34:26.708] [exthost] [info] ExtensionService#loadCommonJSModule file:///home/vicentbg/.vscode/extensions/hookyqr.beautify-1.5.0/extension
[2019-09-15 21:34:26.737] [exthost] [info] ExtensionService#_doActivateExtension ritwickdey.LiveServer {"startup":true,"activationEvent":"*"}
[2019-09-15 21:34:26.737] [exthost] [info] ExtensionService#loadCommonJSModule file:///home/vicentbg/.vscode/extensions/ritwickdey.liveserver-5.6.1/out/src/extension
[2019-09-15 21:34:26.932] [exthost] [info] ExtensionService#_doActivateExtension vscode.npm {"startup":true,"activationEvent":"workspaceContains:package.json"}
[2019-09-15 21:34:26.932] [exthost] [info] ExtensionService#loadCommonJSModule file:///usr/share/code/resources/app/extensions/npm/dist/main
[2019-09-15 21:34:27.142] [exthost] [info] eager extensions activated
